[2023-03-09 11:28:10] [info]  [10144] Apache Commons Daemon procrun (1.3.3.0 64-bit) started.
[2023-03-09 11:28:10] [info]  [10144] Running Service 'Tomcat9'...
[2023-03-09 11:28:10] [info]  [14392] Starting service...
[2023-03-09 11:28:11] [info]  [14392] Service started in 1166 milliseconds.
[2023-03-09 11:28:35] [info]  [10144] Service SERVICE_CONTROL_STOP signalled.
[2023-03-09 11:28:35] [info]  [ 7964] Stopping service...
[2023-03-09 11:28:36] [info]  [ 7964] Service stop thread completed.
[2023-03-09 11:28:36] [info]  [10144] Run service finished.
[2023-03-09 11:28:36] [info]  [10144] Apache Commons Daemon procrun finished.
[2023-03-09 11:31:15] [info]  [13976] Apache Commons Daemon procrun (1.3.3.0 64-bit) started.
[2023-03-09 11:31:15] [info]  [13976] Running Service 'Tomcat9'...
[2023-03-09 11:31:15] [info]  [ 8808] Starting service...
[2023-03-09 11:31:16] [info]  [ 8808] Service started in 1145 milliseconds.
[2023-03-09 11:31:38] [info]  [13976] Service SERVICE_CONTROL_STOP signalled.
[2023-03-09 11:31:38] [info]  [  524] Stopping service...
[2023-03-09 11:31:39] [info]  [  524] Service stop thread completed.
[2023-03-09 11:31:39] [info]  [13976] Run service finished.
[2023-03-09 11:31:39] [info]  [13976] Apache Commons Daemon procrun finished.
[2023-03-09 11:34:54] [info]  [11984] Apache Commons Daemon procrun (1.3.3.0 64-bit) started.
[2023-03-09 11:34:54] [info]  [11984] Running Service 'Tomcat9'...
[2023-03-09 11:34:54] [info]  [ 9760] Starting service...
[2023-03-09 11:34:56] [info]  [ 9760] Service started in 1143 milliseconds.
[2023-03-09 11:35:09] [info]  [11984] Service SERVICE_CONTROL_STOP signalled.
[2023-03-09 11:35:09] [info]  [11912] Stopping service...
[2023-03-09 11:35:10] [info]  [11912] Service stop thread completed.
[2023-03-09 11:35:10] [info]  [11984] Run service finished.
[2023-03-09 11:35:10] [info]  [11984] Apache Commons Daemon procrun finished.
