09-Mar-2023 11:27:26.738 정보 [main] org.apache.catalina.core.ApplicationContext.log ContextListener: contextInitialized()
09-Mar-2023 11:27:26.738 정보 [main] org.apache.catalina.core.ApplicationContext.log SessionListener: contextInitialized()
09-Mar-2023 11:27:26.740 정보 [main] org.apache.catalina.core.ApplicationContext.log ContextListener: attributeAdded('StockTicker', 'async.Stockticker@ec0c838')
09-Mar-2023 11:27:39.447 정보 [Thread-2] org.apache.catalina.core.ApplicationContext.log SessionListener: contextDestroyed()
09-Mar-2023 11:27:39.447 정보 [Thread-2] org.apache.catalina.core.ApplicationContext.log ContextListener: contextDestroyed()
09-Mar-2023 11:27:46.965 정보 [main] org.apache.catalina.core.ApplicationContext.log ContextListener: contextInitialized()
09-Mar-2023 11:27:46.965 정보 [main] org.apache.catalina.core.ApplicationContext.log SessionListener: contextInitialized()
09-Mar-2023 11:27:46.967 정보 [main] org.apache.catalina.core.ApplicationContext.log ContextListener: attributeAdded('StockTicker', 'async.Stockticker@6e9319f')
09-Mar-2023 11:27:49.844 정보 [Thread-2] org.apache.catalina.core.ApplicationContext.log SessionListener: contextDestroyed()
09-Mar-2023 11:27:49.844 정보 [Thread-2] org.apache.catalina.core.ApplicationContext.log ContextListener: contextDestroyed()
09-Mar-2023 11:28:12.076 정보 [main] org.apache.catalina.core.ApplicationContext.log ContextListener: contextInitialized()
09-Mar-2023 11:28:12.076 정보 [main] org.apache.catalina.core.ApplicationContext.log SessionListener: contextInitialized()
09-Mar-2023 11:28:12.079 정보 [main] org.apache.catalina.core.ApplicationContext.log ContextListener: attributeAdded('StockTicker', 'async.Stockticker@532a02d9')
09-Mar-2023 11:28:28.382 정보 [main] org.apache.catalina.core.ApplicationContext.log ContextListener: contextInitialized()
09-Mar-2023 11:28:28.382 정보 [main] org.apache.catalina.core.ApplicationContext.log SessionListener: contextInitialized()
09-Mar-2023 11:28:28.384 정보 [main] org.apache.catalina.core.ApplicationContext.log ContextListener: attributeAdded('StockTicker', 'async.Stockticker@10c8f62')
09-Mar-2023 11:28:28.541 정보 [main] org.apache.catalina.core.ApplicationContext.log SessionListener: contextDestroyed()
09-Mar-2023 11:28:28.541 정보 [main] org.apache.catalina.core.ApplicationContext.log ContextListener: contextDestroyed()
09-Mar-2023 11:28:35.529 정보 [Thread-2] org.apache.catalina.core.ApplicationContext.log SessionListener: contextDestroyed()
09-Mar-2023 11:28:35.530 정보 [Thread-2] org.apache.catalina.core.ApplicationContext.log ContextListener: contextDestroyed()
09-Mar-2023 11:28:43.177 정보 [main] org.apache.catalina.core.ApplicationContext.log ContextListener: contextInitialized()
09-Mar-2023 11:28:43.177 정보 [main] org.apache.catalina.core.ApplicationContext.log SessionListener: contextInitialized()
09-Mar-2023 11:28:43.179 정보 [main] org.apache.catalina.core.ApplicationContext.log ContextListener: attributeAdded('StockTicker', 'async.Stockticker@6fa590ba')
09-Mar-2023 11:28:49.649 정보 [Thread-2] org.apache.catalina.core.ApplicationContext.log SessionListener: contextDestroyed()
09-Mar-2023 11:28:49.649 정보 [Thread-2] org.apache.catalina.core.ApplicationContext.log ContextListener: contextDestroyed()
09-Mar-2023 11:31:17.548 정보 [main] org.apache.catalina.core.ApplicationContext.log ContextListener: contextInitialized()
09-Mar-2023 11:31:17.548 정보 [main] org.apache.catalina.core.ApplicationContext.log SessionListener: contextInitialized()
09-Mar-2023 11:31:17.550 정보 [main] org.apache.catalina.core.ApplicationContext.log ContextListener: attributeAdded('StockTicker', 'async.Stockticker@6fa590ba')
09-Mar-2023 11:31:38.196 정보 [Thread-2] org.apache.catalina.core.ApplicationContext.log SessionListener: contextDestroyed()
09-Mar-2023 11:31:38.196 정보 [Thread-2] org.apache.catalina.core.ApplicationContext.log ContextListener: contextDestroyed()
09-Mar-2023 11:34:05.123 정보 [main] org.apache.catalina.core.ApplicationContext.log ContextListener: contextInitialized()
09-Mar-2023 11:34:05.123 정보 [main] org.apache.catalina.core.ApplicationContext.log SessionListener: contextInitialized()
09-Mar-2023 11:34:05.126 정보 [main] org.apache.catalina.core.ApplicationContext.log ContextListener: attributeAdded('StockTicker', 'async.Stockticker@ce5a68e')
09-Mar-2023 11:34:06.787 정보 [Thread-2] org.apache.catalina.core.ApplicationContext.log SessionListener: contextDestroyed()
09-Mar-2023 11:34:06.787 정보 [Thread-2] org.apache.catalina.core.ApplicationContext.log ContextListener: contextDestroyed()
09-Mar-2023 11:34:56.867 정보 [main] org.apache.catalina.core.ApplicationContext.log ContextListener: contextInitialized()
09-Mar-2023 11:34:56.867 정보 [main] org.apache.catalina.core.ApplicationContext.log SessionListener: contextInitialized()
09-Mar-2023 11:34:56.869 정보 [main] org.apache.catalina.core.ApplicationContext.log ContextListener: attributeAdded('StockTicker', 'async.Stockticker@591e58fa')
09-Mar-2023 11:35:09.689 정보 [Thread-2] org.apache.catalina.core.ApplicationContext.log SessionListener: contextDestroyed()
09-Mar-2023 11:35:09.689 정보 [Thread-2] org.apache.catalina.core.ApplicationContext.log ContextListener: contextDestroyed()
