
2023-03-03 10:27:28 Apache Commons Daemon procrun stderr initialized.
03-Mar-2023 10:27:29.299 정보 [main] org.apache.catalina.startup.VersionLoggerListener.log 서버 버전 이름:    Apache Tomcat/9.0.72
03-Mar-2023 10:27:29.304 정보 [main] org.apache.catalina.startup.VersionLoggerListener.log Server 빌드 시각:  Feb 18 2023 09:25:13 UTC
03-Mar-2023 10:27:29.304 정보 [main] org.apache.catalina.startup.VersionLoggerListener.log Server 버전 번호:  9.0.72.0
03-Mar-2023 10:27:29.304 정보 [main] org.apache.catalina.startup.VersionLoggerListener.log 운영체제 이름:     Windows 10
03-Mar-2023 10:27:29.305 정보 [main] org.apache.catalina.startup.VersionLoggerListener.log 운영체제 버전:     10.0
03-Mar-2023 10:27:29.305 정보 [main] org.apache.catalina.startup.VersionLoggerListener.log 아키텍처:          amd64
03-Mar-2023 10:27:29.305 정보 [main] org.apache.catalina.startup.VersionLoggerListener.log 자바 홈:           C:\Program Files\RedHat\java-17-openjdk-17.0.6.0.10-1
03-Mar-2023 10:27:29.305 정보 [main] org.apache.catalina.startup.VersionLoggerListener.log JVM 버전:          17.0.6+10-LTS
03-Mar-2023 10:27:29.305 정보 [main] org.apache.catalina.startup.VersionLoggerListener.log JVM 벤더:          Red Hat, Inc.
03-Mar-2023 10:27:29.305 정보 [main] org.apache.catalina.startup.VersionLoggerListener.log CATALINA_BASE:     C:\Jsp\Tomcat 9.0
03-Mar-2023 10:27:29.305 정보 [main] org.apache.catalina.startup.VersionLoggerListener.log CATALINA_HOME:     C:\Jsp\Tomcat 9.0
03-Mar-2023 10:27:29.333 정보 [main] org.apache.catalina.startup.VersionLoggerListener.log 명령 행 아규먼트:  -Dcatalina.home=C:\Jsp\Tomcat 9.0
03-Mar-2023 10:27:29.333 정보 [main] org.apache.catalina.startup.VersionLoggerListener.log 명령 행 아규먼트:  -Dcatalina.base=C:\Jsp\Tomcat 9.0
03-Mar-2023 10:27:29.333 정보 [main] org.apache.catalina.startup.VersionLoggerListener.log 명령 행 아규먼트:  -Djava.io.tmpdir=C:\Jsp\Tomcat 9.0\temp
03-Mar-2023 10:27:29.333 정보 [main] org.apache.catalina.startup.VersionLoggerListener.log 명령 행 아규먼트:  -Djava.util.logging.manager=org.apache.juli.ClassLoaderLogManager
03-Mar-2023 10:27:29.333 정보 [main] org.apache.catalina.startup.VersionLoggerListener.log 명령 행 아규먼트:  -Djava.util.logging.config.file=C:\Jsp\Tomcat 9.0\conf\logging.properties
03-Mar-2023 10:27:29.333 정보 [main] org.apache.catalina.startup.VersionLoggerListener.log 명령 행 아규먼트:  --add-opens=java.base/java.lang=ALL-UNNAMED
03-Mar-2023 10:27:29.333 정보 [main] org.apache.catalina.startup.VersionLoggerListener.log 명령 행 아규먼트:  --add-opens=java.base/java.io=ALL-UNNAMED
03-Mar-2023 10:27:29.333 정보 [main] org.apache.catalina.startup.VersionLoggerListener.log 명령 행 아규먼트:  --add-opens=java.rmi/sun.rmi.transport=ALL-UNNAMED
03-Mar-2023 10:27:29.334 정보 [main] org.apache.catalina.startup.VersionLoggerListener.log 명령 행 아규먼트:  exit
03-Mar-2023 10:27:29.334 정보 [main] org.apache.catalina.startup.VersionLoggerListener.log 명령 행 아규먼트:  abort
03-Mar-2023 10:27:29.334 정보 [main] org.apache.catalina.startup.VersionLoggerListener.log 명령 행 아규먼트:  -Xms128m
03-Mar-2023 10:27:29.334 정보 [main] org.apache.catalina.startup.VersionLoggerListener.log 명령 행 아규먼트:  -Xmx256m
03-Mar-2023 10:27:29.356 정보 [main] org.apache.catalina.core.AprLifecycleListener.lifecycleEvent 프로덕션 환경들에서 최적의 성능을 제공하는, APR 기반 Apache Tomcat Native 라이브러리가, 다음 java.library.path에서 발견되지 않습니다: [C:\Jsp\Tomcat 9.0\bin;C:\WINDOWS\Sun\Java\bin;C:\WINDOWS\system32;C:\WINDOWS;C:\Program Files\RedHat\java-17-openjdk-17.0.6.0.10-1\bin;C:\oraclexe\app\oracle\product\11.2.0\server\bin;;C:\Program Files\Python311\Scripts\;C:\Program Files\Python311\;C:\WINDOWS\system32;C:\WINDOWS;C:\WINDOWS\System32\Wbem;C:\WINDOWS\System32\WindowsPowerShell\v1.0\;C:\WINDOWS\System32\OpenSSH\;C:\Program Files\Git\cmd;C:\Program Files\RedHat\java-17-openjdk-17.0.6.0.10-1\bin;C:\WINDOWS\ServiceProfiles\LocalService\AppData\Local\Microsoft\WindowsApps;.]
03-Mar-2023 10:27:29.631 정보 [main] org.apache.coyote.AbstractProtocol.init 프로토콜 핸들러 ["http-nio-80"]을(를) 초기화합니다.
03-Mar-2023 10:27:29.659 정보 [main] org.apache.catalina.startup.Catalina.load [595] 밀리초 내에 서버가 초기화되었습니다.
03-Mar-2023 10:27:29.713 정보 [main] org.apache.catalina.core.StandardService.startInternal 서비스 [Catalina]을(를) 시작합니다.
03-Mar-2023 10:27:29.714 정보 [main] org.apache.catalina.core.StandardEngine.startInternal 서버 엔진을 시작합니다: [Apache Tomcat/9.0.72]
03-Mar-2023 10:27:29.724 정보 [main] org.apache.catalina.startup.HostConfig.deployDirectory 웹 애플리케이션 디렉토리 [C:\Jsp\Tomcat 9.0\webapps\docs]을(를) 배치합니다.
03-Mar-2023 10:27:30.132 정보 [main] org.apache.catalina.startup.HostConfig.deployDirectory 웹 애플리케이션 디렉토리 [C:\Jsp\Tomcat 9.0\webapps\docs]에 대한 배치가 [405] 밀리초에 완료되었습니다.
03-Mar-2023 10:27:30.133 정보 [main] org.apache.catalina.startup.HostConfig.deployDirectory 웹 애플리케이션 디렉토리 [C:\Jsp\Tomcat 9.0\webapps\examples]을(를) 배치합니다.
03-Mar-2023 10:27:30.779 정보 [main] org.apache.catalina.startup.HostConfig.deployDirectory 웹 애플리케이션 디렉토리 [C:\Jsp\Tomcat 9.0\webapps\examples]에 대한 배치가 [646] 밀리초에 완료되었습니다.
03-Mar-2023 10:27:30.779 정보 [main] org.apache.catalina.startup.HostConfig.deployDirectory 웹 애플리케이션 디렉토리 [C:\Jsp\Tomcat 9.0\webapps\host-manager]을(를) 배치합니다.
03-Mar-2023 10:27:30.831 정보 [main] org.apache.catalina.startup.HostConfig.deployDirectory 웹 애플리케이션 디렉토리 [C:\Jsp\Tomcat 9.0\webapps\host-manager]에 대한 배치가 [52] 밀리초에 완료되었습니다.
03-Mar-2023 10:27:30.832 정보 [main] org.apache.catalina.startup.HostConfig.deployDirectory 웹 애플리케이션 디렉토리 [C:\Jsp\Tomcat 9.0\webapps\manager]을(를) 배치합니다.
03-Mar-2023 10:27:30.882 정보 [main] org.apache.catalina.startup.HostConfig.deployDirectory 웹 애플리케이션 디렉토리 [C:\Jsp\Tomcat 9.0\webapps\manager]에 대한 배치가 [50] 밀리초에 완료되었습니다.
03-Mar-2023 10:27:30.882 정보 [main] org.apache.catalina.startup.HostConfig.deployDirectory 웹 애플리케이션 디렉토리 [C:\Jsp\Tomcat 9.0\webapps\ROOT]을(를) 배치합니다.
03-Mar-2023 10:27:30.918 정보 [main] org.apache.catalina.startup.HostConfig.deployDirectory 웹 애플리케이션 디렉토리 [C:\Jsp\Tomcat 9.0\webapps\ROOT]에 대한 배치가 [36] 밀리초에 완료되었습니다.
03-Mar-2023 10:27:30.921 정보 [main] org.apache.coyote.AbstractProtocol.start 프로토콜 핸들러 ["http-nio-80"]을(를) 시작합니다.
03-Mar-2023 10:27:30.988 정보 [main] org.apache.catalina.startup.Catalina.start 서버가 [1329] 밀리초 내에 시작되었습니다.
03-Mar-2023 10:33:03.277 정보 [Thread-2] org.apache.coyote.AbstractProtocol.pause 프로토콜 핸들러 ["http-nio-80"]을(를) 일시 정지 중
03-Mar-2023 10:33:03.302 정보 [Thread-2] org.apache.catalina.core.StandardService.stopInternal 서비스 [Catalina]을(를) 중지시킵니다.
03-Mar-2023 10:33:03.329 정보 [Thread-2] org.apache.coyote.AbstractProtocol.stop 프로토콜 핸들러 ["http-nio-80"]을(를) 중지시킵니다.
03-Mar-2023 10:33:03.340 정보 [Thread-2] org.apache.coyote.AbstractProtocol.destroy 프로토콜 핸들러 ["http-nio-80"]을(를) 소멸시킵니다.

2023-03-03 10:34:52 Apache Commons Daemon procrun stderr initialized.
03-Mar-2023 10:34:53.464 정보 [main] org.apache.catalina.startup.VersionLoggerListener.log 서버 버전 이름:    Apache Tomcat/9.0.72
03-Mar-2023 10:34:53.468 정보 [main] org.apache.catalina.startup.VersionLoggerListener.log Server 빌드 시각:  Feb 18 2023 09:25:13 UTC
03-Mar-2023 10:34:53.468 정보 [main] org.apache.catalina.startup.VersionLoggerListener.log Server 버전 번호:  9.0.72.0
03-Mar-2023 10:34:53.469 정보 [main] org.apache.catalina.startup.VersionLoggerListener.log 운영체제 이름:     Windows 10
03-Mar-2023 10:34:53.469 정보 [main] org.apache.catalina.startup.VersionLoggerListener.log 운영체제 버전:     10.0
03-Mar-2023 10:34:53.469 정보 [main] org.apache.catalina.startup.VersionLoggerListener.log 아키텍처:          amd64
03-Mar-2023 10:34:53.469 정보 [main] org.apache.catalina.startup.VersionLoggerListener.log 자바 홈:           C:\Program Files\RedHat\java-17-openjdk-17.0.6.0.10-1
03-Mar-2023 10:34:53.469 정보 [main] org.apache.catalina.startup.VersionLoggerListener.log JVM 버전:          17.0.6+10-LTS
03-Mar-2023 10:34:53.469 정보 [main] org.apache.catalina.startup.VersionLoggerListener.log JVM 벤더:          Red Hat, Inc.
03-Mar-2023 10:34:53.469 정보 [main] org.apache.catalina.startup.VersionLoggerListener.log CATALINA_BASE:     C:\Jsp\Tomcat 9.0
03-Mar-2023 10:34:53.469 정보 [main] org.apache.catalina.startup.VersionLoggerListener.log CATALINA_HOME:     C:\Jsp\Tomcat 9.0
03-Mar-2023 10:34:53.481 정보 [main] org.apache.catalina.startup.VersionLoggerListener.log 명령 행 아규먼트:  -Dcatalina.home=C:\Jsp\Tomcat 9.0
03-Mar-2023 10:34:53.481 정보 [main] org.apache.catalina.startup.VersionLoggerListener.log 명령 행 아규먼트:  -Dcatalina.base=C:\Jsp\Tomcat 9.0
03-Mar-2023 10:34:53.481 정보 [main] org.apache.catalina.startup.VersionLoggerListener.log 명령 행 아규먼트:  -Djava.io.tmpdir=C:\Jsp\Tomcat 9.0\temp
03-Mar-2023 10:34:53.481 정보 [main] org.apache.catalina.startup.VersionLoggerListener.log 명령 행 아규먼트:  -Djava.util.logging.manager=org.apache.juli.ClassLoaderLogManager
03-Mar-2023 10:34:53.481 정보 [main] org.apache.catalina.startup.VersionLoggerListener.log 명령 행 아규먼트:  -Djava.util.logging.config.file=C:\Jsp\Tomcat 9.0\conf\logging.properties
03-Mar-2023 10:34:53.482 정보 [main] org.apache.catalina.startup.VersionLoggerListener.log 명령 행 아규먼트:  --add-opens=java.base/java.lang=ALL-UNNAMED
03-Mar-2023 10:34:53.482 정보 [main] org.apache.catalina.startup.VersionLoggerListener.log 명령 행 아규먼트:  --add-opens=java.base/java.io=ALL-UNNAMED
03-Mar-2023 10:34:53.482 정보 [main] org.apache.catalina.startup.VersionLoggerListener.log 명령 행 아규먼트:  --add-opens=java.rmi/sun.rmi.transport=ALL-UNNAMED
03-Mar-2023 10:34:53.482 정보 [main] org.apache.catalina.startup.VersionLoggerListener.log 명령 행 아규먼트:  exit
03-Mar-2023 10:34:53.482 정보 [main] org.apache.catalina.startup.VersionLoggerListener.log 명령 행 아규먼트:  abort
03-Mar-2023 10:34:53.482 정보 [main] org.apache.catalina.startup.VersionLoggerListener.log 명령 행 아규먼트:  -Xms128m
03-Mar-2023 10:34:53.482 정보 [main] org.apache.catalina.startup.VersionLoggerListener.log 명령 행 아규먼트:  -Xmx256m
03-Mar-2023 10:34:53.504 정보 [main] org.apache.catalina.core.AprLifecycleListener.lifecycleEvent 프로덕션 환경들에서 최적의 성능을 제공하는, APR 기반 Apache Tomcat Native 라이브러리가, 다음 java.library.path에서 발견되지 않습니다: [C:\Jsp\Tomcat 9.0\bin;C:\WINDOWS\Sun\Java\bin;C:\WINDOWS\system32;C:\WINDOWS;C:\Program Files\RedHat\java-17-openjdk-17.0.6.0.10-1\bin;C:\oraclexe\app\oracle\product\11.2.0\server\bin;;C:\Program Files\Python311\Scripts\;C:\Program Files\Python311\;C:\WINDOWS\system32;C:\WINDOWS;C:\WINDOWS\System32\Wbem;C:\WINDOWS\System32\WindowsPowerShell\v1.0\;C:\WINDOWS\System32\OpenSSH\;C:\Program Files\Git\cmd;C:\Program Files\RedHat\java-17-openjdk-17.0.6.0.10-1\bin;C:\WINDOWS\ServiceProfiles\LocalService\AppData\Local\Microsoft\WindowsApps;.]
03-Mar-2023 10:34:53.771 정보 [main] org.apache.coyote.AbstractProtocol.init 프로토콜 핸들러 ["http-nio-80"]을(를) 초기화합니다.
03-Mar-2023 10:34:53.796 정보 [main] org.apache.catalina.startup.Catalina.load [556] 밀리초 내에 서버가 초기화되었습니다.
03-Mar-2023 10:34:53.849 정보 [main] org.apache.catalina.core.StandardService.startInternal 서비스 [Catalina]을(를) 시작합니다.
03-Mar-2023 10:34:53.850 정보 [main] org.apache.catalina.core.StandardEngine.startInternal 서버 엔진을 시작합니다: [Apache Tomcat/9.0.72]
03-Mar-2023 10:34:53.859 정보 [main] org.apache.catalina.startup.HostConfig.deployDirectory 웹 애플리케이션 디렉토리 [C:\Jsp\Tomcat 9.0\webapps\docs]을(를) 배치합니다.
03-Mar-2023 10:34:54.241 정보 [main] org.apache.catalina.startup.HostConfig.deployDirectory 웹 애플리케이션 디렉토리 [C:\Jsp\Tomcat 9.0\webapps\docs]에 대한 배치가 [380] 밀리초에 완료되었습니다.
03-Mar-2023 10:34:54.242 정보 [main] org.apache.catalina.startup.HostConfig.deployDirectory 웹 애플리케이션 디렉토리 [C:\Jsp\Tomcat 9.0\webapps\examples]을(를) 배치합니다.
03-Mar-2023 10:34:54.850 정보 [main] org.apache.catalina.startup.HostConfig.deployDirectory 웹 애플리케이션 디렉토리 [C:\Jsp\Tomcat 9.0\webapps\examples]에 대한 배치가 [609] 밀리초에 완료되었습니다.
03-Mar-2023 10:34:54.851 정보 [main] org.apache.catalina.startup.HostConfig.deployDirectory 웹 애플리케이션 디렉토리 [C:\Jsp\Tomcat 9.0\webapps\host-manager]을(를) 배치합니다.
03-Mar-2023 10:34:54.902 정보 [main] org.apache.catalina.startup.HostConfig.deployDirectory 웹 애플리케이션 디렉토리 [C:\Jsp\Tomcat 9.0\webapps\host-manager]에 대한 배치가 [51] 밀리초에 완료되었습니다.
03-Mar-2023 10:34:54.902 정보 [main] org.apache.catalina.startup.HostConfig.deployDirectory 웹 애플리케이션 디렉토리 [C:\Jsp\Tomcat 9.0\webapps\manager]을(를) 배치합니다.
03-Mar-2023 10:34:54.956 정보 [main] org.apache.catalina.startup.HostConfig.deployDirectory 웹 애플리케이션 디렉토리 [C:\Jsp\Tomcat 9.0\webapps\manager]에 대한 배치가 [53] 밀리초에 완료되었습니다.
03-Mar-2023 10:34:54.956 정보 [main] org.apache.catalina.startup.HostConfig.deployDirectory 웹 애플리케이션 디렉토리 [C:\Jsp\Tomcat 9.0\webapps\ROOT]을(를) 배치합니다.
03-Mar-2023 10:34:54.991 정보 [main] org.apache.catalina.startup.HostConfig.deployDirectory 웹 애플리케이션 디렉토리 [C:\Jsp\Tomcat 9.0\webapps\ROOT]에 대한 배치가 [35] 밀리초에 완료되었습니다.
03-Mar-2023 10:34:54.994 정보 [main] org.apache.coyote.AbstractProtocol.start 프로토콜 핸들러 ["http-nio-80"]을(를) 시작합니다.
03-Mar-2023 10:34:55.051 정보 [main] org.apache.catalina.startup.Catalina.start 서버가 [1253] 밀리초 내에 시작되었습니다.
03-Mar-2023 11:09:40.711 정보 [Thread-2] org.apache.coyote.AbstractProtocol.pause 프로토콜 핸들러 ["http-nio-80"]을(를) 일시 정지 중
03-Mar-2023 11:09:40.719 정보 [Thread-2] org.apache.catalina.core.StandardService.stopInternal 서비스 [Catalina]을(를) 중지시킵니다.
03-Mar-2023 11:09:40.767 정보 [Thread-2] org.apache.coyote.AbstractProtocol.stop 프로토콜 핸들러 ["http-nio-80"]을(를) 중지시킵니다.
03-Mar-2023 11:09:40.776 정보 [Thread-2] org.apache.coyote.AbstractProtocol.destroy 프로토콜 핸들러 ["http-nio-80"]을(를) 소멸시킵니다.
